#
# There is insufficient memory for the Java Runtime Environment to continue.
# Native memory allocation (malloc) failed to allocate 1048576 bytes for AllocateHeap
# Possible reasons:
#   The system is out of physical RAM or swap space
#   In 32 bit mode, the process size limit was hit
# Possible solutions:
#   Reduce memory load on the system
#   Increase physical memory or swap space
#   Check if swap backing store is full
#   Use 64 bit Java on a 64 bit OS
#   Decrease Java heap size (-Xmx/-Xms)
#   Decrease number of Java threads
#   Decrease Java thread stack sizes (-Xss)
#   Set larger code cache with -XX:ReservedCodeCacheSize=
# This output file may be truncated or incomplete.
#
#  Out of Memory Error (memory/allocation.inline.hpp:61), pid=12124, tid=0x00000000000045ec
#
# JRE version:  (8.0) (build )
# Java VM: OpenJDK 64-Bit Server VM (25.71-b00 mixed mode windows-amd64 compressed oops)
# Failed to write core dump. Minidumps are not enabled by default on client versions of Windows
#

---------------  T H R E A D  ---------------

Current thread (0x00000000032b2800):  JavaThread "Unknown thread" [_thread_in_vm, id=17900, stack(0x0000000003160000,0x0000000003260000)]

Stack: [0x0000000003160000,0x0000000003260000]
[error occurred during error reporting (printing stack bounds), id 0xc0000005]

Native frames: (J=compiled Java code, j=interpreted, Vv=VM code, C=native code)


---------------  P R O C E S S  ---------------

Java Threads: ( => current thread )

Other Threads:

=>0x00000000032b2800 (exited) JavaThread "Unknown thread" [_thread_in_vm, id=17900, stack(0x0000000003160000,0x0000000003260000)]

VM state:not at safepoint (normal execution)

VM Mutex/Monitor currently owned by a thread: None

Heap:
 PSYoungGen      total 36864K, used 634K [0x00000000d6e00000, 0x00000000d9700000, 0x0000000100000000)
  eden space 31744K, 2% used [0x00000000d6e00000,0x00000000d6e9eb90,0x00000000d8d00000)
  from space 5120K, 0% used [0x00000000d9200000,0x00000000d9200000,0x00000000d9700000)
  to   space 5120K, 0% used [0x00000000d8d00000,0x00000000d8d00000,0x00000000d9200000)
 ParOldGen       total 84992K, used 0K [0x0000000084a00000, 0x0000000089d00000, 0x00000000d6e00000)
  object space 84992K, 0% used [0x0000000084a00000,0x0000000084a00000,0x0000000089d00000)
 Metaspace       used 777K, capacity 4480K, committed 4480K, reserved 1056768K
  class space    used 74K, capacity 384K, committed 384K, reserved 1048576K

Card table byte_map: [0x0000000012770000,0x0000000012b50000] byte_map_base: 0x000000001234b000

Marking Bits: (ParMarkBitMap*) 0x0000000055f2be50
 Begin Bits: [0x00000000137f0000, 0x00000000156c8000)
 End Bits:   [0x00000000156c8000, 0x00000000175a0000)

Polling page: 0x0000000001870000

CodeCache: size=245760Kb used=328Kb max_used=328Kb free=245431Kb
 bounds [0x00000000033b0000, 0x0000000003620000, 0x00000000123b0000]
 total_blobs=57 nmethods=0 adapters=38
 compilation: enabled

Compilation events (0 events):
No events

GC Heap History (0 events):
No events

Deoptimization events (0 events):
No events

Classes redefined (0 events):
No events

Internal exceptions (0 events):
No events

Events (10 events):
Event: 0.017 loading class java/lang/Short
Event: 0.017 loading class java/lang/Short done
Event: 0.017 loading class java/lang/Integer
Event: 0.017 loading class java/lang/Integer done
Event: 0.017 loading class java/lang/Long
Event: 0.017 loading class java/lang/Long done
Event: 0.017 loading class java/lang/NullPointerException
Event: 0.017 loading class java/lang/NullPointerException done
Event: 0.017 loading class java/lang/ArithmeticException
Event: 0.017 loading class java/lang/ArithmeticException done


Dynamic libraries:
0x00007ff617b00000 - 0x00007ff617b35000 	D:\Unity\Hub\Editor\2021.3.4f1\2021.3.8f1\Editor\Data\PlaybackEngines\AndroidPlayer\OpenJDK\bin\java.exe
0x00007ffb47eb0000 - 0x00007ffb480a8000 	C:\Windows\SYSTEM32\ntdll.dll
0x00007ffb47ab0000 - 0x00007ffb47b6d000 	C:\Windows\System32\KERNEL32.DLL
0x00007ffb459e0000 - 0x00007ffb45cae000 	C:\Windows\System32\KERNELBASE.dll
0x00007ffb46550000 - 0x00007ffb465fe000 	C:\Windows\System32\ADVAPI32.dll
0x00007ffb47ca0000 - 0x00007ffb47d3e000 	C:\Windows\System32\msvcrt.dll
0x00007ffb47070000 - 0x00007ffb4710c000 	C:\Windows\System32\sechost.dll
0x00007ffb45f10000 - 0x00007ffb46035000 	C:\Windows\System32\RPCRT4.dll
0x00007ffb461c0000 - 0x00007ffb46360000 	C:\Windows\System32\USER32.dll
0x00007ffb457b0000 - 0x00007ffb457d2000 	C:\Windows\System32\win32u.dll
0x00007ffb46190000 - 0x00007ffb461ba000 	C:\Windows\System32\GDI32.dll
0x00007ffb45d50000 - 0x00007ffb45e5b000 	C:\Windows\System32\gdi32full.dll
0x00007ffb45940000 - 0x00007ffb459dd000 	C:\Windows\System32\msvcp_win.dll
0x00007ffb455d0000 - 0x00007ffb456d0000 	C:\Windows\System32\ucrtbase.dll
0x00007ffb34d10000 - 0x00007ffb34faa000 	C:\Windows\WinSxS\amd64_microsoft.windows.common-controls_6595b64144ccf1df_6.0.19041.1110_none_60b5254171f9507e\COMCTL32.dll
0x00007ffb47180000 - 0x00007ffb471b0000 	C:\Windows\System32\IMM32.DLL
0x0000000055fb0000 - 0x0000000056082000 	D:\Unity\Hub\Editor\2021.3.4f1\2021.3.8f1\Editor\Data\PlaybackEngines\AndroidPlayer\OpenJDK\jre\bin\msvcr100.dll
0x0000000055760000 - 0x0000000055fa9000 	D:\Unity\Hub\Editor\2021.3.4f1\2021.3.8f1\Editor\Data\PlaybackEngines\AndroidPlayer\OpenJDK\jre\bin\server\jvm.dll
0x00007ffb47e60000 - 0x00007ffb47e68000 	C:\Windows\System32\PSAPI.DLL
0x00007ffb39f20000 - 0x00007ffb39f47000 	C:\Windows\SYSTEM32\WINMM.dll
0x00007ffb3e4b0000 - 0x00007ffb3e4b9000 	C:\Windows\SYSTEM32\WSOCK32.dll
0x00007ffb3bdd0000 - 0x00007ffb3bdda000 	C:\Windows\SYSTEM32\VERSION.dll
0x00007ffb47110000 - 0x00007ffb4717b000 	C:\Windows\System32\WS2_32.dll
0x00007ffb3d960000 - 0x00007ffb3d96f000 	D:\Unity\Hub\Editor\2021.3.4f1\2021.3.8f1\Editor\Data\PlaybackEngines\AndroidPlayer\OpenJDK\jre\bin\verify.dll
0x00007ffb2f0b0000 - 0x00007ffb2f0d9000 	D:\Unity\Hub\Editor\2021.3.4f1\2021.3.8f1\Editor\Data\PlaybackEngines\AndroidPlayer\OpenJDK\jre\bin\java.dll
0x00007ffb3d940000 - 0x00007ffb3d956000 	D:\Unity\Hub\Editor\2021.3.4f1\2021.3.8f1\Editor\Data\PlaybackEngines\AndroidPlayer\OpenJDK\jre\bin\zip.dll

VM Arguments:
jvm_args: -Dfile.encoding=UTF-8 
java_command: org.gradle.launcher.GradleMain -Dorg.gradle.jvmargs=-Xmx4096m --stop
java_class_path (initial): D:\Unity\Hub\Editor\2021.3.4f1\2021.3.8f1\Editor\Data\PlaybackEngines\AndroidPlayer\Tools\gradle\lib\gradle-launcher-6.1.1.jar
Launcher Type: SUN_STANDARD

Environment Variables:
JAVA_HOME=D:\Unity\Hub\Editor\2021.3.4f1\2021.3.8f1\Editor\Data\PlaybackEngines\AndroidPlayer\OpenJDK
JAVA_TOOL_OPTIONS=-Dfile.encoding=UTF-8
PATH=C:\Program Files (x86)\Common Files\Oracle\Java\javapath;C:\ProgramData\Oracle\Java\javapath;C:\Program Files\PlasticSCM5\server;C:\Program Files\PlasticSCM5\client;C:\Windows\system32;C:\Windows;C:\Windows\System32\Wbem;C:\Windows\System32\WindowsPowerShell\v1.0\;C:\Windows\System32\OpenSSH\;C:\Program Files (x86)\NVIDIA Corporation\PhysX\Common;C:\Program Files\Microsoft SQL Server\120\Tools\Binn\;C:\Program Files\dotnet\;C:\Users\msi\AppData\Local\Microsoft\WindowsApps;C:\Users\msi\.dotnet\tools
USERNAME=msi
OS=Windows_NT
PROCESSOR_IDENTIFIER=Intel64 Family 6 Model 141 Stepping 1, GenuineIntel



---------------  S Y S T E M  ---------------

OS: Windows 10.0 , 64 bit Build 19041 (10.0.19041.1889)

CPU:total 12 (initial active 12) (6 cores per cpu, 2 threads per core) family 6 model 141 stepping 1, cmov, cx8, fxsr, mmx, sse, sse2, sse3, ssse3, sse4.1, sse4.2, popcnt, avx, avx2, aes, clmul, erms, 3dnowpref, lzcnt, ht, tsc, tscinvbit, bmi1, bmi2, adx

Memory: 4k page, physical 8083116k(548000k free), swap 12277420k(5840k free)

vm_info: OpenJDK 64-Bit Server VM (25.71-b00) for windows-amd64 JRE (1.8.0-adoptopenjdk-_2018_05_19_00_59-b00), built on May 19 2018 01:02:12 by "jenkins" with MS VC++ 10.0 (VS2010)

time: Wed Aug 17 18:47:27 2022
elapsed time: 0 seconds (0d 0h 0m 0s)

